[0330/181432.743:ERROR:process_reader_win.cc(123)] NtOpenThread: {Access Denied} A process has requested access to an object, but has not been granted those access rights. (0xc0000022)
[0330/181432.743:ERROR:process_reader_win.cc(123)] NtOpenThread: {Access Denied} A process has requested access to an object, but has not been granted those access rights. (0xc0000022)
[0330/181432.743:ERROR:process_reader_win.cc(123)] NtOpenThread: {Access Denied} A process has requested access to an object, but has not been granted those access rights. (0xc0000022)
[0330/181432.790:ERROR:exception_snapshot_win.cc(98)] thread ID 5844 not found in process
[0330/181432.790:ERROR:exception_snapshot_win.cc(98)] thread ID 4720 not found in process
[0330/181432.790:ERROR:exception_snapshot_win.cc(98)] thread ID 2980 not found in process
[0330/181432.790:ERROR:scoped_process_suspend.cc(40)] NtResumeProcess: An attempt was made to access an exiting process. (0xc000010a)
[0330/181432.790:ERROR:scoped_process_suspend.cc(40)] NtResumeProcess: An attempt was made to access an exiting process. (0xc000010a)
[0405/164300.788:ERROR:process_reader_win.cc(151)] SuspendThread: Access is denied. (0x5)
[0405/164300.897:ERROR:process_reader_win.cc(151)] SuspendThread: Access is denied. (0x5)
[0405/164300.897:ERROR:process_reader_win.cc(151)] SuspendThread: Access is denied. (0x5)
[0405/164300.897:ERROR:process_reader_win.cc(151)] SuspendThread: Access is denied. (0x5)
[0405/164300.897:ERROR:exception_snapshot_win.cc(98)] thread ID 2152 not found in process
[0405/164300.788:ERROR:process_reader_win.cc(123)] NtOpenThread: {Access Denied} A process has requested access to an object, but has not been granted those access rights. (0xc0000022)
[0405/164300.571:ERROR:scoped_process_suspend.cc(31)] NtSuspendProcess: An attempt was made to access an exiting process. (0xc000010a)
[0405/164301.053:ERROR:exception_snapshot_win.cc(98)] thread ID 1976 not found in process
[0405/164301.053:ERROR:process_info.cc(118)] ReadProcessMemory bool __cdecl crashpad::(anonymous namespace)::ReadStruct(HANDLE, crashpad::WinVMAddress, T *) [T = crashpad::process_types::PEB<crashpad::process_types::internal::Traits32>]: Only part of a ReadProcessMemory or WriteProcessMemory request was completed. (0x12B)
[0405/164301.053:ERROR:process_info.cc(551)] ReadProcessData failed
[0412/113551.355:ERROR:process_reader_win.cc(151)] SuspendThread: Access is denied. (0x5)
[0412/113551.467:ERROR:process_reader_win.cc(151)] SuspendThread: Access is denied. (0x5)
[0412/113551.467:ERROR:process_reader_win.cc(151)] SuspendThread: Access is denied. (0x5)
[0412/113551.471:ERROR:process_reader_win.cc(151)] SuspendThread: Access is denied. (0x5)
[0412/113551.471:ERROR:process_reader_win.cc(151)] SuspendThread: Access is denied. (0x5)
